<?xml version="1.0" encoding="utf-8"?><testsuites><testsuite name="pytest" errors="0" failures="0" skipped="0" tests="12" time="3.121" timestamp="2024-02-29T16:08:41.730676" hostname="manjaro-vbox"><testcase classname="projects.MinimalistWebServer.tests" name="test_default_port_number_is_correct" time="0.001" /><testcase classname="projects.MinimalistWebServer.tests" name="test_default_host_is_correct" time="0.000" /><testcase classname="projects.MinimalistWebServer.tests" name="test_custom_port_is_taken" time="0.000" /><testcase classname="projects.MinimalistWebServer.tests" name="test_custom_host_is_taken" time="0.000" /><testcase classname="projects.MinimalistWebServer.tests" name="test_default_response_is_correct" time="1.011" /><testcase classname="projects.MinimalistWebServer.tests" name="test_404_is_returned_on_bad_url" time="0.002" /><testcase classname="projects.MinimalistWebServer.tests" name="test_405_is_returned_on_bad_method" time="0.002" /><testcase classname="projects.MinimalistWebServer.tests" name="test_default_page_content_is_correct" time="0.002" /><testcase classname="projects.MinimalistWebServer.tests" name="test_non_int_port_raises_error" time="0.001" /><testcase classname="projects.MinimalistWebServer.tests" name="test_non_string_host_raises_error" time="0.000" /><testcase classname="projects.MinimalistWebServer.tests" name="test_host_is_not_valid_ip_raises_error" time="0.000" /><testcase classname="projects.MinimalistWebServer.tests" name="test_port_out_of_range_raises_error" time="2.006" /></testsuite></testsuites>